0 info it worked if it ends with ok
1 verbose cli [ 'C:\\Program Files (x86)\\nodejs\\node.exe',
1 verbose cli   'C:\\Program Files (x86)\\nodejs\\node_modules\\npm\\bin\\npm-cli.js',
1 verbose cli   'run',
1 verbose cli   'tsc',
1 verbose cli   '-w' ]
2 info using npm@3.10.3
3 info using node@v6.5.0
4 verbose run-script [ 'pretsc', 'tsc', 'posttsc' ]
5 info lifecycle reservationsystem@0.0.1~pretsc: reservationsystem@0.0.1
6 silly lifecycle reservationsystem@0.0.1~pretsc: no script for pretsc, continuing
7 info lifecycle reservationsystem@0.0.1~tsc: reservationsystem@0.0.1
8 verbose lifecycle reservationsystem@0.0.1~tsc: unsafe-perm in lifecycle true
9 verbose lifecycle reservationsystem@0.0.1~tsc: PATH: C:\Program Files (x86)\nodejs\node_modules\npm\bin\node-gyp-bin;c:\Users\Denis\Desktop\itransition-task4-rails-angular2\node_modules\.bin;C:\Program Files (x86)\nodejs;C:\ProgramData\Oracle\Java\javapath;C:\Windows\system32;C:\Windows;C:\Windows\System32\Wbem;C:\Windows\System32\WindowsPowerShell\v1.0\;C:\Program Files (x86)\AMD\ATI.ACE\Core-Static;C:\Users\Denis\.dnx\bin;C:\Program Files\Microsoft DNX\Dnvm\;C:\Program Files\Microsoft SQL Server\120\Tools\Binn\;C:\Program Files\Microsoft SQL Server\130\Tools\Binn\;C:\Program Files\Git\cmd;C:\Program Files (x86)\Skype\Phone\;C:\Program Files (x86)\nodejs\;C:\RailsInstaller\Git\cmd;C:\RailsInstaller\Ruby2.1.0\bin;C:\Users\Denis\AppData\Local\Microsoft\WindowsApps;C:\Users\Denis\AppData\Roaming\npm
10 verbose lifecycle reservationsystem@0.0.1~tsc: CWD: c:\Users\Denis\Desktop\itransition-task4-rails-angular2
11 silly lifecycle reservationsystem@0.0.1~tsc: Args: [ '/d /s /c', 'tsc' ]
12 silly lifecycle reservationsystem@0.0.1~tsc: Returned: code: 2  signal: null
13 info lifecycle reservationsystem@0.0.1~tsc: Failed to exec tsc script
14 verbose stack Error: reservationsystem@0.0.1 tsc: `tsc`
14 verbose stack Exit status 2
14 verbose stack     at EventEmitter.<anonymous> (C:\Program Files (x86)\nodejs\node_modules\npm\lib\utils\lifecycle.js:242:16)
14 verbose stack     at emitTwo (events.js:106:13)
14 verbose stack     at EventEmitter.emit (events.js:191:7)
14 verbose stack     at ChildProcess.<anonymous> (C:\Program Files (x86)\nodejs\node_modules\npm\lib\utils\spawn.js:40:14)
14 verbose stack     at emitTwo (events.js:106:13)
14 verbose stack     at ChildProcess.emit (events.js:191:7)
14 verbose stack     at maybeClose (internal/child_process.js:877:16)
14 verbose stack     at Process.ChildProcess._handle.onexit (internal/child_process.js:226:5)
15 verbose pkgid reservationsystem@0.0.1
16 verbose cwd c:\Users\Denis\Desktop\itransition-task4-rails-angular2\public
17 error Windows_NT 10.0.14393
18 error argv "C:\\Program Files (x86)\\nodejs\\node.exe" "C:\\Program Files (x86)\\nodejs\\node_modules\\npm\\bin\\npm-cli.js" "run" "tsc" "-w"
19 error node v6.5.0
20 error npm  v3.10.3
21 error code ELIFECYCLE
22 error reservationsystem@0.0.1 tsc: `tsc`
22 error Exit status 2
23 error Failed at the reservationsystem@0.0.1 tsc script 'tsc'.
23 error Make sure you have the latest version of node.js and npm installed.
23 error If you do, this is most likely a problem with the reservationsystem package,
23 error not with npm itself.
23 error Tell the author that this fails on your system:
23 error     tsc
23 error You can get information on how to open an issue for this project with:
23 error     npm bugs reservationsystem
23 error Or if that isn't available, you can get their info via:
23 error     npm owner ls reservationsystem
23 error There is likely additional logging output above.
24 verbose exit [ 1, true ]
